Change Component Description : Designator=C3 Old Description=Capacitor Polarised New Description=Aluminum Electrolytic Capacitors - Radial Leaded Al Lytic CapLow ESR Radial FM Series
Change Component Description : Designator=C4 Old Description=Capacitor Polarised New Description=Aluminum Electrolytic Capacitors - Radial Leaded Al Lytic CapLow ESR Radial FM Series
Change Component Description : Designator=J1 Old Description=Connector New Description=TERM BLOCK HDR 6POS 90DEG 5.08MM
Change Component Description : Designator=D1 Old Description=Diode; 15.5 A (Max.); 26.70 V (Min.) @ 1 mA; 5 uA (Max.) @ 24 V; 100 A (Max.) New Description=TVS DIODE 24VWM 38.9VC DO214AA
Change Component Description : Designator=D2 Old Description=Diode; 15.5 A (Max.); 26.70 V (Min.) @ 1 mA; 5 uA (Max.) @ 24 V; 100 A (Max.) New Description=TVS DIODE 24VWM 38.9VC DO214AA
Change Component Description : Designator=R1 Old Description=RES SMD 1K OHM 1% 1/2W 0805 New Description=RES SMD 1K OHM 1% 1/2W
Change Component Description : Designator=R2 Old Description=RES SMD 1K OHM 1% 1/2W 0805 New Description=RES SMD 1K OHM 1% 1/2W
Change component parameters: Designator = "C3" ("C3"); Footprint = "CAPPRD350W65D800H2200"; UniqueID = "\DJKGVDSK" ("\DJKGVDSK")
Change component parameters (AddParameter): Name = "@ qty"; Value = "1"; VariantName = "[No Variations]"
Change component parameters (AddParameter): Name = "Manufacturer"; Value = "Panasonic Electronic Components"; VariantName = "[No Variations]"
Change component parameters (AddParameter): Name = "Manufacturer Part Number"; Value = "EEU-FM1V331LB"; VariantName = "[No Variations]"
Change component parameters (AddParameter): Name = "Value"; Value = "330uF"; VariantName = "[No Variations]"
Change component parameters: Designator = "C4" ("C4"); Footprint = "CAPPRD350W65D800H2200"; UniqueID = "\QSTHRCRQ" ("\QSTHRCRQ")
Change component parameters (AddParameter): Name = "@ qty"; Value = "1"; VariantName = "[No Variations]"
Change component parameters (AddParameter): Name = "Manufacturer"; Value = "Panasonic Electronic Components"; VariantName = "[No Variations]"
Change component parameters (AddParameter): Name = "Manufacturer Part Number"; Value = "EEU-FM1V331LB"; VariantName = "[No Variations]"
Change component parameters (AddParameter): Name = "Value"; Value = "330uF"; VariantName = "[No Variations]"
Change component parameters: Designator = "J1" ("J1"); Footprint = "SHDRRA6W100P0X508_1X6_3240X1200X860P"; UniqueID = "\VHBSDZZZ" ("\VHBSDZZZ")
Change component parameters (AddParameter): Name = "@ qty"; Value = "1"; VariantName = "[No Variations]"
Change component parameters (AddParameter): Name = "Manufacturer"; Value = "Phoenix Contact"; VariantName = "[No Variations]"
Change component parameters (AddParameter): Name = "Manufacturer Part Number"; Value = "1757284"; VariantName = "[No Variations]"
Change component parameters (AddParameter): Name = "Value"; Value = "6"; VariantName = "[No Variations]"
Change component parameters: Designator = "U1" ("U1"); Footprint = "FP-MS8-8-05-08-1660-IPC_A"; UniqueID = "\TOEHLOEM" ("\TOEHLOEM")
Change component parameters (AddParameter): Name = "@ qty"; Value = "1"; VariantName = "[No Variations]"
Change component parameters (AddParameter): Name = "Manufacturer"; Value = "Analog Devices"; VariantName = "[No Variations]"
Change component parameters (AddParameter): Name = "Manufacturer Part Number"; Value = "LTC4359HMS8#PBF"; VariantName = "[No Variations]"
Change component parameters (AddParameter): Name = "Value"; Value = "N/A"; VariantName = "[No Variations]"
Change component parameters: Designator = "U2" ("U2"); Footprint = "FP-MS8-8-05-08-1660-IPC_A"; UniqueID = "\IUPQXDSP" ("\IUPQXDSP")
Change component parameters (AddParameter): Name = "@ qty"; Value = "1"; VariantName = "[No Variations]"
Change component parameters (AddParameter): Name = "Manufacturer"; Value = "Analog Devices"; VariantName = "[No Variations]"
Change component parameters (AddParameter): Name = "Manufacturer Part Number"; Value = "LTC4359HMS8#PBF"; VariantName = "[No Variations]"
Change component parameters (AddParameter): Name = "Value"; Value = "N/A"; VariantName = "[No Variations]"
Change component parameters: Designator = "R1" ("R1"); Footprint = "SMD-0805-RES"; UniqueID = "\YGUKKVUS" ("\YGUKKVUS")
Change component parameters (AddParameter): Name = "@ qty"; Value = "1"; VariantName = "[No Variations]"
Change component parameters (AddParameter): Name = "Manufacturer"; Value = "Panasonic Electronic Components"; VariantName = "[No Variations]"
Change component parameters (AddParameter): Name = "Manufacturer Part Number"; Value = "ERJ-P06F1001V"; VariantName = "[No Variations]"
Change component parameters (AddParameter): Name = "Value"; Value = "1k"; VariantName = "[No Variations]"
Change component parameters: Designator = "R2" ("R2"); Footprint = "SMD-0805-RES"; UniqueID = "\AYYUHHKM" ("\AYYUHHKM")
Change component parameters (AddParameter): Name = "@ qty"; Value = "1"; VariantName = "[No Variations]"
Change component parameters (AddParameter): Name = "Manufacturer"; Value = "Panasonic Electronic Components"; VariantName = "[No Variations]"
Change component parameters (AddParameter): Name = "Manufacturer Part Number"; Value = "ERJ-P06F1001V"; VariantName = "[No Variations]"
Change component parameters (AddParameter): Name = "Value"; Value = "1k"; VariantName = "[No Variations]"
Change component parameters: Designator = "C1" ("C1"); Footprint = "SMD-0805C"; UniqueID = "\GRFVFBWD" ("\GRFVFBWD")
Change component parameters (AddParameter): Name = "@ qty"; Value = "1"; VariantName = "[No Variations]"
Change component parameters (AddParameter): Name = "Manufacturer"; Value = "Murata Electronics North America"; VariantName = "[No Variations]"
Change component parameters (AddParameter): Name = "Manufacturer Part Number"; Value = "GRM216R71H152KA01D"; VariantName = "[No Variations]"
Change component parameters (AddParameter): Name = "Value"; Value = "1500pF"; VariantName = "[No Variations]"
Change component parameters: Designator = "C2" ("C2"); Footprint = "SMD-0805C"; UniqueID = "\ETMAVSUO" ("\ETMAVSUO")
Change component parameters (AddParameter): Name = "@ qty"; Value = "1"; VariantName = "[No Variations]"
Change component parameters (AddParameter): Name = "Manufacturer"; Value = "Murata Electronics North America"; VariantName = "[No Variations]"
Change component parameters (AddParameter): Name = "Manufacturer Part Number"; Value = "GRM216R71H152KA01D"; VariantName = "[No Variations]"
Change component parameters (AddParameter): Name = "Value"; Value = "1500pF"; VariantName = "[No Variations]"
Change component parameters: Designator = "D1" ("D1"); Footprint = "Zenor Diode - duplicate"; UniqueID = "\VGBWGSQC" ("\VGBWGSQC")
Change component parameters (AddParameter): Name = "@ qty"; Value = "1"; VariantName = "[No Variations]"
Change component parameters (AddParameter): Name = "Manufacturer"; Value = "Littelfuse"; VariantName = "[No Variations]"
Change component parameters (AddParameter): Name = "Manufacturer Part Number"; Value = "SMBJ24CA"; VariantName = "[No Variations]"
Change component parameters (AddParameter): Name = "Value"; Value = "26.7V"; VariantName = "[No Variations]"
Change component parameters: Designator = "D2" ("D2"); Footprint = "Zenor Diode - duplicate"; UniqueID = "\RDPODTCY" ("\RDPODTCY")
Change component parameters (AddParameter): Name = "@ qty"; Value = "1"; VariantName = "[No Variations]"
Change component parameters (AddParameter): Name = "Manufacturer"; Value = "Littelfuse"; VariantName = "[No Variations]"
Change component parameters (AddParameter): Name = "Manufacturer Part Number"; Value = "SMBJ24CA"; VariantName = "[No Variations]"
Change component parameters (AddParameter): Name = "Value"; Value = "26.7V"; VariantName = "[No Variations]"
Added Member To Class: ClassName=Load Ballancing Circuit Member=Component C1 1500pF
Added Member To Class: ClassName=Load Ballancing Circuit Member=Component C2 1500pF
Added Member To Class: ClassName=Load Ballancing Circuit Member=Component D1 26.7 V
Added Member To Class: ClassName=Load Ballancing Circuit Member=Component D2 26.7 V
Added Member To Class: ClassName=Load Ballancing Circuit Member=Component J1 1757284
Added Member To Class: ClassName=Load Ballancing Circuit Member=Component R1 1k
Added Member To Class: ClassName=Load Ballancing Circuit Member=Component R2 1k
Added Member To Class: ClassName=Load Ballancing Circuit Member=Component U1 LTC4359HMS8#PBF
Added Member To Class: ClassName=Load Ballancing Circuit Member=Component U2 LTC4359HMS8#PBF
Added Room: Name=Load Ballancing Circuit
