Removed Parameter Applications:General Purpose from Part C1
Removed Parameter Applications:General Purpose from Part C2
Removed Parameter Breakdown Voltage:26.7V from Part D1
Removed Parameter Breakdown Voltage:26.7V from Part D2
Removed Parameter Case/Package:MSOP from Part U1
Removed Parameter Case/Package:MSOP from Part U2
Removed Parameter Case/Package:SMB from Part D1
Removed Parameter Case/Package:SMB from Part D2
Removed Parameter Category:Diodes from Part D1
Removed Parameter Category:Diodes from Part D2
Removed Parameter Clamping Voltage:38.9V from Part D1
Removed Parameter Clamping Voltage:38.9V from Part D2
Removed Parameter ComponentLink1Description:https://datasheet.ciiva.com/25624/0900766b810f4eeb-25624813.pdf?src-supplier=RSComponents from Part D1
Removed Parameter ComponentLink1Description:https://datasheet.ciiva.com/25624/0900766b810f4eeb-25624813.pdf?src-supplier=RSComponents from Part D2
Removed Parameter ComponentLink1URL:https://datasheet.ciiva.com/25624/0900766b810f4eeb-25624813.pdf?src-supplier=RSComponents from Part D1
Removed Parameter ComponentLink1URL:https://datasheet.ciiva.com/25624/0900766b810f4eeb-25624813.pdf?src-supplier=RSComponents from Part D2
Removed Parameter ComponentLink2Description:https://datasheet.ciiva.com/46384/13057-46384501.pdf?src-supplier=Element14 from Part D1
Removed Parameter ComponentLink2Description:https://datasheet.ciiva.com/46384/13057-46384501.pdf?src-supplier=Element14 from Part D2
Removed Parameter ComponentLink2URL:https://datasheet.ciiva.com/46384/13057-46384501.pdf?src-supplier=Element14 from Part D1
Removed Parameter ComponentLink2URL:https://datasheet.ciiva.com/46384/13057-46384501.pdf?src-supplier=Element14 from Part D2
Removed Parameter ComponentLink3Description:https://datasheet.ciiva.com/14162/smbj-eng-ds-14162025.pdf?src-supplier=Distrelec from Part D1
Removed Parameter ComponentLink3Description:https://datasheet.ciiva.com/14162/smbj-eng-ds-14162025.pdf?src-supplier=Distrelec from Part D2
Removed Parameter ComponentLink3URL:https://datasheet.ciiva.com/14162/smbj-eng-ds-14162025.pdf?src-supplier=Distrelec from Part D1
Removed Parameter ComponentLink3URL:https://datasheet.ciiva.com/14162/smbj-eng-ds-14162025.pdf?src-supplier=Distrelec from Part D2
Removed Parameter ComponentLink4Description:https://datasheet.ciiva.com/331/littelfuse-tvs-diode-smbj-datasheet-pdf-331592.pdf?src-supplier=Digi-Key from Part D1
Removed Parameter ComponentLink4Description:https://datasheet.ciiva.com/331/littelfuse-tvs-diode-smbj-datasheet-pdf-331592.pdf?src-supplier=Digi-Key from Part D2
Removed Parameter ComponentLink4URL:https://datasheet.ciiva.com/331/littelfuse-tvs-diode-smbj-datasheet-pdf-331592.pdf?src-supplier=Digi-Key from Part D1
Removed Parameter ComponentLink4URL:https://datasheet.ciiva.com/331/littelfuse-tvs-diode-smbj-datasheet-pdf-331592.pdf?src-supplier=Digi-Key from Part D2
Removed Parameter ComponentLink5Description:https://datasheet.ciiva.com/331/littelfuse-tvs-diode-smbj-datasheet-pdf-331593.pdf?src-supplier=Digi-Key from Part D1
Removed Parameter ComponentLink5Description:https://datasheet.ciiva.com/331/littelfuse-tvs-diode-smbj-datasheet-pdf-331593.pdf?src-supplier=Digi-Key from Part D2
Removed Parameter ComponentLink5URL:https://datasheet.ciiva.com/331/littelfuse-tvs-diode-smbj-datasheet-pdf-331593.pdf?src-supplier=Digi-Key from Part D1
Removed Parameter ComponentLink5URL:https://datasheet.ciiva.com/331/littelfuse-tvs-diode-smbj-datasheet-pdf-331593.pdf?src-supplier=Digi-Key from Part D2
Removed Parameter ComponentLink6Description:https://datasheet.ciiva.com/331/littelfuse-tvs-diode-smbj-datasheet-pdf-331594.pdf?src-supplier=Digi-Key from Part D1
Removed Parameter ComponentLink6Description:https://datasheet.ciiva.com/331/littelfuse-tvs-diode-smbj-datasheet-pdf-331594.pdf?src-supplier=Digi-Key from Part D2
Removed Parameter ComponentLink6URL:https://datasheet.ciiva.com/331/littelfuse-tvs-diode-smbj-datasheet-pdf-331594.pdf?src-supplier=Digi-Key from Part D1
Removed Parameter ComponentLink6URL:https://datasheet.ciiva.com/331/littelfuse-tvs-diode-smbj-datasheet-pdf-331594.pdf?src-supplier=Digi-Key from Part D2
Removed Parameter ComponentLink7Description:https://datasheet.ciiva.com/8062/littelfuse-tvs-diode-smbj-8062318.pdf?src-supplier=Element14 from Part D1
Removed Parameter ComponentLink7Description:https://datasheet.ciiva.com/8062/littelfuse-tvs-diode-smbj-8062318.pdf?src-supplier=Element14 from Part D2
Removed Parameter ComponentLink7URL:https://datasheet.ciiva.com/8062/littelfuse-tvs-diode-smbj-8062318.pdf?src-supplier=Element14 from Part D1
Removed Parameter ComponentLink7URL:https://datasheet.ciiva.com/8062/littelfuse-tvs-diode-smbj-8062318.pdf?src-supplier=Element14 from Part D2
Removed Parameter Composition:Thick Film from Part R1
Removed Parameter Composition:Thick Film from Part R2
Removed Parameter Composition:Zener from Part D1
Removed Parameter Composition:Zener from Part D2
Removed Parameter Datasheet Link:http://industrial.panasonic.com/www-cgi/jvcr13pz.cgi?E+PZ+3+ABA0108+EEUFM1V331LB+7+WW from Part C3
Removed Parameter Datasheet Link:http://industrial.panasonic.com/www-cgi/jvcr13pz.cgi?E+PZ+3+ABA0108+EEUFM1V331LB+7+WW from Part C4
Removed Parameter Datasheet Link:https://componentsearchengine.com//1757284.pdf from Part J1
Removed Parameter Datasheets:http://www.murata.com/~/media/webrenewal/support/library/catalog/products/capacitor/mlcc/c02e.pdf from Part C1
Removed Parameter Datasheets:http://www.murata.com/~/media/webrenewal/support/library/catalog/products/capacitor/mlcc/c02e.pdf from Part C2
Removed Parameter Datasheets:https://industrial.panasonic.com/cdbs/www-data/pdf/RDA0000/AOA0000C243.pdf from Part R1
Removed Parameter Datasheets:https://industrial.panasonic.com/cdbs/www-data/pdf/RDA0000/AOA0000C243.pdf from Part R2
Removed Parameter Digi-Key Part Number:490-11564-1-ND from Part C1
Removed Parameter Digi-Key Part Number:490-11564-1-ND from Part C2
Removed Parameter Digi-Key Part Number:P16058CT-ND from Part R1
Removed Parameter Digi-Key Part Number:P16058CT-ND from Part R2
Removed Parameter Direction:Bidirectional from Part D1
Removed Parameter Direction:Bidirectional from Part D2
Removed Parameter Element Configuration:Single from Part D1
Removed Parameter Element Configuration:Single from Part D2
Removed Parameter ESD Protection:Yes from Part D1
Removed Parameter ESD Protection:Yes from Part D2
Removed Parameter Factory Stock:0 from Part C1
Removed Parameter Factory Stock:0 from Part C2
Removed Parameter Factory Stock:0 from Part R1
Removed Parameter Factory Stock:0 from Part R2
Removed Parameter Failure Rate:- from Part R1
Removed Parameter Failure Rate:- from Part R2
Removed Parameter Features:- from Part C1
Removed Parameter Features:- from Part C2
Removed Parameter Features:Automotive AEC-Q200, Pulse Withstanding from Part R1
Removed Parameter Features:Automotive AEC-Q200, Pulse Withstanding from Part R2
Removed Parameter Height - Seated (Max):0.028" (0.70mm) from Part R1
Removed Parameter Height - Seated (Max):0.028" (0.70mm) from Part R2
Removed Parameter Height - Seated (Max):- from Part C1
Removed Parameter Height - Seated (Max):- from Part C2
Removed Parameter Height:0.096inch from Part D1
Removed Parameter Height:0.096inch from Part D2
Removed Parameter Height:8.6mm from Part J1
Removed Parameter Height:22mm from Part C3
Removed Parameter Height:22mm from Part C4
Removed Parameter Image://media.digikey.com/Renders/Murata%20Renders/0805%20(2012%20Metric)%20.85mm.jpg from Part C1
Removed Parameter Image://media.digikey.com/Renders/Murata%20Renders/0805%20(2012%20Metric)%20.85mm.jpg from Part C2
Removed Parameter Image://media.digikey.com/Renders/Panasonic%20Renders/ERJ-0805%20Pkg.jpg from Part R1
Removed Parameter Image://media.digikey.com/Renders/Panasonic%20Renders/ERJ-0805%20Pkg.jpg from Part R2
Removed Parameter Lead Free:Lead Free from Part D1
Removed Parameter Lead Free:Lead Free from Part D2
Removed Parameter Lead Free:Lead Free from Part U1
Removed Parameter Lead Free:Lead Free from Part U2
Removed Parameter Lead Spacing:- from Part C1
Removed Parameter Lead Spacing:- from Part C2
Removed Parameter Lead Style:- from Part C1
Removed Parameter Lead Style:- from Part C2
Removed Parameter Leakage Current:1uA from Part D1
Removed Parameter Leakage Current:1uA from Part D2
Removed Parameter Length:0.179inch from Part D1
Removed Parameter Length:0.179inch from Part D2
Removed Parameter Manufacturer_Name:Panasonic from Part C3
Removed Parameter Manufacturer_Name:Panasonic from Part C4
Removed Parameter Manufacturer_Name:Phoenix Contact from Part J1
Removed Parameter Manufacturer_Part_Number:1757284 from Part J1
Removed Parameter Manufacturer_Part_Number:EEU-FM1V331LB from Part C3
Removed Parameter Manufacturer_Part_Number:EEU-FM1V331LB from Part C4
Removed Parameter Max Breakdown Voltage:29.5V from Part D1
Removed Parameter Max Breakdown Voltage:29.5V from Part D2
Removed Parameter Max Operating Temperature:125°C from Part U1
Removed Parameter Max Operating Temperature:125°C from Part U2
Removed Parameter Max Operating Temperature:150°C from Part D1
Removed Parameter Max Operating Temperature:150°C from Part D2
Removed Parameter Max Output Current:180mA from Part U1
Removed Parameter Max Output Current:180mA from Part U2
Removed Parameter Max Power Dissipation:5W from Part D1
Removed Parameter Max Power Dissipation:5W from Part D2
Removed Parameter Max Reverse Leakage Current:1uA from Part D1
Removed Parameter Max Reverse Leakage Current:1uA from Part D2
Removed Parameter Max Supply Voltage:80V from Part U1
Removed Parameter Max Supply Voltage:80V from Part U2
Removed Parameter Max Surge Current:15.5A from Part D1
Removed Parameter Max Surge Current:15.5A from Part D2
Removed Parameter Min Breakdown Voltage:26.7V from Part D1
Removed Parameter Min Breakdown Voltage:26.7V from Part D2
Removed Parameter Minimum Quantity:1 from Part C1
Removed Parameter Minimum Quantity:1 from Part C2
Removed Parameter Minimum Quantity:1 from Part R1
Removed Parameter Minimum Quantity:1 from Part R2
Removed Parameter Min Operating Temperature:-40°C from Part U1
Removed Parameter Min Operating Temperature:-40°C from Part U2
Removed Parameter Min Operating Temperature:-65°C from Part D1
Removed Parameter Min Operating Temperature:-65°C from Part D2
Removed Parameter Min Supply Voltage:4V from Part U1
Removed Parameter Min Supply Voltage:4V from Part U2
Removed Parameter Mount:Surface Mount from Part D1
Removed Parameter Mount:Surface Mount from Part D2
Removed Parameter Mounting Type:Surface Mount, MLCC from Part C1
Removed Parameter Mounting Type:Surface Mount, MLCC from Part C2
Removed Parameter Mouser2 Part Number:651-1757284 from Part J1
Removed Parameter Mouser2 Part Number: from Part C3
Removed Parameter Mouser2 Part Number: from Part C4
Removed Parameter Mouser2 Price/Stock: from Part C3
Removed Parameter Mouser2 Price/Stock: from Part C4
Removed Parameter Mouser2 Price/Stock:https://www.mouser.com/Search/Refine.aspx?Keyword=651-1757284 from Part J1
Removed Parameter Number of Bidirectional Channels:1 from Part D1
Removed Parameter Number of Bidirectional Channels:1 from Part D2
Removed Parameter Number of Channels:1 from Part D1
Removed Parameter Number of Channels:1 from Part D2
Removed Parameter Number of Drivers:1 from Part U1
Removed Parameter Number of Drivers:1 from Part U2
Removed Parameter Number of Elements:1 from Part D1
Removed Parameter Number of Elements:1 from Part D2
Removed Parameter Number of Pins:2 from Part D1
Removed Parameter Number of Pins:2 from Part D2
Removed Parameter Number of Pins:8 from Part U1
Removed Parameter Number of Pins:8 from Part U2
Removed Parameter Number of Terminations:2 from Part R1
Removed Parameter Number of Terminations:2 from Part R2
Removed Parameter Operating Supply Current:150uA from Part U1
Removed Parameter Operating Supply Current:150uA from Part U2
Removed Parameter Operating Supply Voltage:24V from Part D1
Removed Parameter Operating Supply Voltage:24V from Part D2
Removed Parameter Operating Temperature:-55°C ~ 125°C from Part C1
Removed Parameter Operating Temperature:-55°C ~ 125°C from Part C2
Removed Parameter Operating Temperature:-55°C ~ 155°C from Part R1
Removed Parameter Operating Temperature:-55°C ~ 155°C from Part R2
Removed Parameter Package / Case:0805 (2012 Metric) from Part C1
Removed Parameter Package / Case:0805 (2012 Metric) from Part C2
Removed Parameter Package / Case:0805 (2012 Metric) from Part R1
Removed Parameter Package / Case:0805 (2012 Metric) from Part R2
Removed Parameter Package Quantity:50 from Part U1
Removed Parameter Package Quantity:50 from Part U2
Removed Parameter Package Quantity:3000 from Part D1
Removed Parameter Package Quantity:3000 from Part D2
Removed Parameter Packaging:Cut Tape (CT) from Part C1
Removed Parameter Packaging:Cut Tape (CT) from Part C2
Removed Parameter Packaging:Cut Tape (CT) from Part R1
Removed Parameter Packaging:Cut Tape (CT) from Part R2
Removed Parameter Packaging:Rail/Tube from Part U1
Removed Parameter Packaging:Rail/Tube from Part U2
Removed Parameter Packaging:Tape and Reel from Part D1
Removed Parameter Packaging:Tape and Reel from Part D2
Removed Parameter Part Number:ERJ-P06F1001V from Part R1
Removed Parameter Part Number:ERJ-P06F1001V from Part R2
Removed Parameter Part Number:GRM216R71H152KA01D from Part C1
Removed Parameter Part Number:GRM216R71H152KA01D from Part C2
Removed Parameter Part Status:Active from Part C1
Removed Parameter Part Status:Active from Part C2
Removed Parameter Part Status:Active from Part R1
Removed Parameter Part Status:Active from Part R2
Removed Parameter Peak Pulse Current:15.5A from Part D1
Removed Parameter Peak Pulse Current:15.5A from Part D2
Removed Parameter Peak Pulse Power:600W from Part D1
Removed Parameter Peak Pulse Power:600W from Part D2
Removed Parameter Polarity:Bidirectional from Part D1
Removed Parameter Polarity:Bidirectional from Part D2
Removed Parameter Power (Watts):0.5W, 1/2W from Part R1
Removed Parameter Power (Watts):0.5W, 1/2W from Part R2
Removed Parameter Power Dissipation:600W from Part D1
Removed Parameter Power Dissipation:600W from Part D2
Removed Parameter Power Line Protection:No from Part D1
Removed Parameter Power Line Protection:No from Part D2
Removed Parameter Pricing 1:1=0.35000, 10=0.28200, 25=0.25800, 100=0.16200, 250=0.16020, 500=0.15000, 1000=0.10200 (USD) from Part D1
Removed Parameter Pricing 1:1=0.35000, 10=0.28200, 25=0.25800, 100=0.16200, 250=0.16020, 500=0.15000, 1000=0.10200 (USD) from Part D2
Removed Parameter Quantity Available:6468 from Part C1
Removed Parameter Quantity Available:6468 from Part C2
Removed Parameter Quantity Available:161264 from Part R1
Removed Parameter Quantity Available:161264 from Part R2
Removed Parameter Radiation Hardening:No from Part D1
Removed Parameter Radiation Hardening:No from Part D2
Removed Parameter Ratings:- from Part C1
Removed Parameter Ratings:- from Part C2
Removed Parameter REACH SVHC:No SVHC from Part D1
Removed Parameter REACH SVHC:No SVHC from Part D2
Removed Parameter Reverse Breakdown Voltage:26.7V from Part D1
Removed Parameter Reverse Breakdown Voltage:26.7V from Part D2
Removed Parameter Reverse Standoff Voltage:24V from Part D1
Removed Parameter Reverse Standoff Voltage:24V from Part D2
Removed Parameter RoHS:Yes from Part D1
Removed Parameter RoHS:Yes from Part D2
Removed Parameter Series:ERJ from Part R1
Removed Parameter Series:ERJ from Part R2
Removed Parameter Series:GRM from Part C1
Removed Parameter Series:GRM from Part C2
Removed Parameter Size / Dimension:0.079" L x 0.049" W (2.00mm x 1.25mm) from Part C1
Removed Parameter Size / Dimension:0.079" L x 0.049" W (2.00mm x 1.25mm) from Part C2
Removed Parameter Size / Dimension:0.079" L x 0.049" W (2.00mm x 1.25mm) from Part R1
Removed Parameter Size / Dimension:0.079" L x 0.049" W (2.00mm x 1.25mm) from Part R2
Removed Parameter Stock 1:25811 from Part D1
Removed Parameter Stock 1:25811 from Part D2
Removed Parameter Supplier 1:Digi-Key from Part D1
Removed Parameter Supplier 1:Digi-Key from Part D2
Removed Parameter Supplier Device Package:0805 from Part R1
Removed Parameter Supplier Device Package:0805 from Part R2
Removed Parameter Supplier Part Number 1:SMBJ24CALFCT-ND from Part D1
Removed Parameter Supplier Part Number 1:SMBJ24CALFCT-ND from Part D2
Removed Parameter Temperature Coefficient:X7R from Part C1
Removed Parameter Temperature Coefficient:X7R from Part C2
Removed Parameter Temperature Coefficient:±100ppm/°C from Part R1
Removed Parameter Temperature Coefficient:±100ppm/°C from Part R2
Removed Parameter Termination:SMD/SMT from Part D1
Removed Parameter Termination:SMD/SMT from Part D2
Removed Parameter Test Current:1mA from Part D1
Removed Parameter Test Current:1mA from Part D2
Removed Parameter Thickness (Max):0.028" (0.70mm) from Part C1
Removed Parameter Thickness (Max):0.028" (0.70mm) from Part C2
Removed Parameter Tolerance:±1% from Part R1
Removed Parameter Tolerance:±1% from Part R2
Removed Parameter Tolerance:±10% from Part C1
Removed Parameter Tolerance:±10% from Part C2
Removed Parameter Turn-Off Delay Time:300ns from Part U1
Removed Parameter Turn-Off Delay Time:300ns from Part U2
Removed Parameter Turn-On Delay Time:200us from Part U1
Removed Parameter Turn-On Delay Time:200us from Part U2
Removed Parameter Unit Price (USD):0.11 from Part C1
Removed Parameter Unit Price (USD):0.11 from Part C2
Removed Parameter Unit Price (USD):0.02534 from Part R1
Removed Parameter Unit Price (USD):0.02534 from Part R2
Removed Parameter Voltage:50V from Part C1
Removed Parameter Voltage:50V from Part C2
Removed Parameter Voltage Rating (DC):24V from Part D1
Removed Parameter Voltage Rating (DC):24V from Part D2
Removed Parameter Width:0.155inch from Part D1
Removed Parameter Width:0.155inch from Part D2
Change Value of Parameter @ qty in Part C1 Old=0 New=1
Change Component Parameter Footprint in C1 Old=SMD-0805C New=0805
Change Value of Parameter @ qty in Part C2 Old=0 New=1
Change Component Parameter Footprint in C2 Old=SMD-0805C New=0805
Change Component Parameter Description in C3 Old=Capacitor Polarised New=Aluminum Electrolytic Capacitors - Radial Leaded Al Lytic CapLow ESR Radial FM Series
Change Component Parameter Footprint in C3 Old=CAPPRD350W65D800H2200 New=Radial Lead
Change Component Parameter Description in C4 Old=Capacitor Polarised New=Aluminum Electrolytic Capacitors - Radial Leaded Al Lytic CapLow ESR Radial FM Series
Change Component Parameter Footprint in C4 Old=CAPPRD350W65D800H2200 New=Radial Lead
Change Component Parameter Description in D1 Old=Diode; 15.5 A (Max.); 26.70 V (Min.) @ 1 mA; 5 uA (Max.) @ 24 V; 100 A (Max.) New=TVS DIODE 24VWM 38.9VC DO214AA
Change Component Parameter Footprint in D1 Old=Zenor Diode - duplicate New=Surface Mount DO-214AA (SMBJ)
Change Component Parameter Description in D2 Old=Diode; 15.5 A (Max.); 26.70 V (Min.) @ 1 mA; 5 uA (Max.) @ 24 V; 100 A (Max.) New=TVS DIODE 24VWM 38.9VC DO214AA
Change Component Parameter Footprint in D2 Old=Zenor Diode - duplicate New=Surface Mount DO-214AA (SMBJ)
Change Component Parameter Description in J1 Old=Connector New=TERM BLOCK HDR 6POS 90DEG 5.08MM
Change Component Parameter Footprint in J1 Old=SHDRRA6W100P0X508_1X6_3240X1200X860P New=6 pin through hole
Change Value of Parameter @ qty in Part R1 Old=1500 New=1
Change Component Parameter Description in R1 Old=RES SMD 1K OHM 1% 1/2W 0805 New=RES SMD 1K OHM 1% 1/2W
Change Component Parameter Footprint in R1 Old=SMD-0805-RES New=0805
Change Value of Parameter @ qty in Part R2 Old=1500 New=1
Change Component Parameter Description in R2 Old=RES SMD 1K OHM 1% 1/2W 0805 New=RES SMD 1K OHM 1% 1/2W
Change Component Parameter Footprint in R2 Old=SMD-0805-RES New=0805
Change Component Parameter Footprint in U1 Old=FP-MS8-8-05-08-1660-IPC_A New=8-TSSOP, 8-MSOP
Change Component Parameter Footprint in U2 Old=FP-MS8-8-05-08-1660-IPC_A New=8-TSSOP, 8-MSOP
Added Parameter @ qty=1 to Part C3
Added Parameter @ qty=1 to Part C4
Added Parameter @ qty=1 to Part D1
Added Parameter @ qty=1 to Part D2
Added Parameter @ qty=1 to Part J1
Added Parameter @ qty=1 to Part U1
Added Parameter @ qty=1 to Part U2
